[  0%] Built target std_msgs_generate_messages_nodejs
[  9%] Built target pubCamPose
[  9%] Built target visualization_msgs_generate_messages_nodejs
[ 19%] Built target safe_landing_planner_gencfg
[ 19%] Built target geometry_msgs_generate_messages_nodejs
[ 19%] Built target dynamic_reconfigure_generate_messages_eus
[ 19%] Built target actionlib_msgs_generate_messages_nodejs
[ 19%] Built target tf2_msgs_generate_messages_lisp
[ 19%] Built target tf_generate_messages_py
[ 19%] Built target _safe_landing_planner_generate_messages_check_deps_SLPGridMsg
[ 19%] Built target actionlib_generate_messages_py
[ 19%] Built target diagnostic_msgs_generate_messages_lisp
[ 19%] Built target actionlib_msgs_generate_messages_cpp
[ 19%] Built target rosgraph_msgs_generate_messages_cpp
[ 19%] Built target actionlib_generate_messages_eus
[ 19%] Built target sensor_msgs_generate_messages_eus
[ 19%] Built target nodelet_topic_tools_gencfg
[ 19%] Built target dynamic_reconfigure_generate_messages_nodejs
[ 19%] Built target tf2_msgs_generate_messages_py
[ 19%] Built target geometry_msgs_generate_messages_lisp
[ 19%] Built target std_msgs_generate_messages_lisp
[ 19%] Built target mavros_msgs_generate_messages_cpp
[ 19%] Built target bond_generate_messages_cpp
[ 19%] Built target sensor_msgs_generate_messages_cpp
[ 19%] Built target nav_msgs_generate_messages_nodejs
[ 19%] Built target diagnostic_msgs_generate_messages_py
[ 19%] Built target geometry_msgs_generate_messages_cpp
[ 19%] Built target dynamic_reconfigure_generate_messages_cpp
[ 19%] Built target std_msgs_generate_messages_py
[ 19%] Built target tf_generate_messages_lisp
[ 19%] Built target geometry_msgs_generate_messages_py
[ 19%] Built target nav_msgs_generate_messages_py
[ 19%] Built target rosgraph_msgs_generate_messages_eus
[ 19%] Built target diagnostic_msgs_generate_messages_cpp
[ 19%] Built target pcl_ros_gencfg
[ 19%] Built target actionlib_msgs_generate_messages_eus
[ 19%] Built target tf_generate_messages_eus
[ 19%] Built target visualization_msgs_generate_messages_cpp
[ 19%] Built target rosgraph_msgs_generate_messages_lisp
[ 19%] Built target _catkin_empty_exported_target
[ 19%] Built target std_msgs_generate_messages_eus
[ 19%] Built target actionlib_generate_messages_lisp
[ 19%] Built target roscpp_generate_messages_nodejs
[ 19%] Built target geometry_msgs_generate_messages_eus
[ 19%] Built target sensor_msgs_generate_messages_py
[ 19%] Built target tf2_msgs_generate_messages_eus
[ 19%] Built target roscpp_generate_messages_cpp
[ 19%] Built target trajectory_msgs_generate_messages_py
[ 19%] Built target tf_generate_messages_nodejs
[ 19%] Built target topic_tools_generate_messages_py
[ 19%] Built target std_msgs_generate_messages_cpp
[ 19%] Built target nodelet_generate_messages_lisp
[ 19%] Built target dynamic_reconfigure_generate_messages_py
[ 19%] Built target roscpp_generate_messages_eus
[ 19%] Built target uuid_msgs_generate_messages_eus
[ 19%] Built target sensor_msgs_generate_messages_nodejs
[ 19%] Built target uuid_msgs_generate_messages_cpp
[ 19%] Built target roscpp_generate_messages_py
[ 19%] Built target std_srvs_generate_messages_cpp
[ 19%] Built target trajectory_msgs_generate_messages_eus
[ 19%] Built target actionlib_msgs_generate_messages_py
[ 19%] Built target mavros_msgs_generate_messages_lisp
[ 19%] Built target geographic_msgs_generate_messages_cpp
[ 19%] Built target actionlib_generate_messages_cpp
[ 19%] Built target nodelet_generate_messages_eus
[ 19%] Built target rosgraph_msgs_generate_messages_nodejs
[ 19%] Built target nodelet_generate_messages_nodejs
[ 19%] Built target nodelet_generate_messages_py
[ 19%] Built target geographic_msgs_generate_messages_lisp
[ 19%] Built target std_srvs_generate_messages_nodejs
[ 19%] Built target bond_generate_messages_lisp
[ 19%] Built target bond_generate_messages_py
[ 19%] Built target bond_generate_messages_eus
[ 19%] Built target dynamic_reconfigure_generate_messages_lisp
[ 19%] Built target bond_generate_messages_nodejs
[ 19%] Built target uuid_msgs_generate_messages_py
[ 19%] Built target pcl_msgs_generate_messages_eus
[ 19%] Built target pcl_msgs_generate_messages_cpp
[ 19%] Built target dynamic_reconfigure_gencfg
[ 19%] Built target pcl_msgs_generate_messages_lisp
[ 19%] Built target pcl_msgs_generate_messages_py
[ 19%] Built target std_srvs_generate_messages_eus
[ 19%] Built target pcl_msgs_generate_messages_nodejs
[ 19%] Built target roscpp_generate_messages_lisp
[ 19%] Built target std_srvs_generate_messages_lisp
[ 19%] Built target topic_tools_generate_messages_eus
[ 19%] Built target topic_tools_generate_messages_cpp
[ 19%] Built target visualization_msgs_generate_messages_py
[ 19%] Built target topic_tools_generate_messages_lisp
[ 19%] Built target diagnostic_msgs_generate_messages_eus
[ 19%] Built target diagnostic_msgs_generate_messages_nodejs
[ 19%] Built target topic_tools_generate_messages_nodejs
[ 19%] Built target actionlib_msgs_generate_messages_lisp
[ 19%] Built target uuid_msgs_generate_messages_lisp
[ 19%] Built target nodelet_generate_messages_cpp
[ 19%] Built target sensor_msgs_generate_messages_lisp
[ 19%] Built target tf2_msgs_generate_messages_nodejs
[ 23%] Built target safe_landing_planner_generate_messages_cpp
[ 23%] Built target tf_generate_messages_cpp
[ 23%] Built target geographic_msgs_generate_messages_nodejs
[ 23%] Built target actionlib_generate_messages_nodejs
[ 23%] Built target std_srvs_generate_messages_py
[ 23%] Built target geographic_msgs_generate_messages_py
[ 23%] Built target uuid_msgs_generate_messages_nodejs
[ 23%] Built target mavros_msgs_generate_messages_eus
[ 23%] Built target mavros_msgs_generate_messages_py
[ 23%] Built target nav_msgs_generate_messages_cpp
[ 23%] Built target geographic_msgs_generate_messages_eus
[ 23%] Built target visualization_msgs_generate_messages_eus
[ 23%] Built target mavros_msgs_generate_messages_nodejs
[ 23%] Built target nav_msgs_generate_messages_eus
[ 23%] Built target tf2_msgs_generate_messages_cpp
[ 23%] Built target nav_msgs_generate_messages_lisp
[ 23%] Built target trajectory_msgs_generate_messages_cpp
[ 23%] Built target trajectory_msgs_generate_messages_lisp
[ 23%] Built target trajectory_msgs_generate_messages_nodejs
[ 23%] Built target visualization_msgs_generate_messages_lisp
[ 23%] Built target rosgraph_msgs_generate_messages_py
[ 33%] Built target safe_landing_planner_generate_messages_py
[ 38%] Built target safe_landing_planner_generate_messages_lisp
[ 42%] Built target safe_landing_planner_generate_messages_nodejs
[ 52%] Built target safe_landing_planner_generate_messages_eus
[ 52%] Built target safe_landing_planner_generate_messages
[ 80%] Built target safe_landing_planner
[ 90%] Built target safe_landing_planner_node
[100%] Built target waypoint_generator_node
