[  0%] Built target std_msgs_generate_messages_nodejs
[  0%] Built target visualization_msgs_generate_messages_nodejs
[  9%] Built target safe_landing_planner_gencfg
[ 14%] [32m[1mLinking CXX executable /home/traveller/Integration/devel/.private/safe_landing_planner/lib/safe_landing_planner/pubCamPose[0m
[ 14%] Built target dynamic_reconfigure_generate_messages_eus
[ 14%] Built target geometry_msgs_generate_messages_nodejs
[ 14%] Built target tf2_msgs_generate_messages_lisp
[ 14%] Built target actionlib_msgs_generate_messages_nodejs
[ 14%] Built target _safe_landing_planner_generate_messages_check_deps_SLPGridMsg
[ 14%] Built target tf_generate_messages_py
[ 14%] Built target actionlib_generate_messages_py
[ 14%] Built target diagnostic_msgs_generate_messages_lisp
[ 14%] Built target actionlib_msgs_generate_messages_cpp
[ 14%] Built target rosgraph_msgs_generate_messages_cpp
[ 14%] Built target actionlib_generate_messages_eus
[ 14%] Built target nodelet_topic_tools_gencfg
[ 14%] Built target dynamic_reconfigure_generate_messages_nodejs
[ 14%] Built target sensor_msgs_generate_messages_eus
[ 14%] Built target tf2_msgs_generate_messages_py
[ 14%] Built target geometry_msgs_generate_messages_lisp
[ 14%] Built target std_msgs_generate_messages_lisp
[ 14%] Built target bond_generate_messages_cpp
[ 14%] Built target mavros_msgs_generate_messages_cpp
[ 14%] Built target sensor_msgs_generate_messages_cpp
[ 14%] Built target nav_msgs_generate_messages_nodejs
[ 14%] Built target geometry_msgs_generate_messages_cpp
[ 14%] Built target diagnostic_msgs_generate_messages_py
[ 14%] Built target dynamic_reconfigure_generate_messages_cpp
[ 19%] Built target pubCamPose
[ 19%] Built target geometry_msgs_generate_messages_py
[ 19%] Built target std_msgs_generate_messages_py
[ 19%] Built target tf_generate_messages_lisp
[ 19%] Built target nav_msgs_generate_messages_py
[ 19%] Built target pcl_ros_gencfg
[ 19%] Built target rosgraph_msgs_generate_messages_eus
[ 19%] Built target diagnostic_msgs_generate_messages_cpp
[ 19%] Built target rosgraph_msgs_generate_messages_lisp
[ 19%] Built target actionlib_msgs_generate_messages_eus
[ 19%] Built target visualization_msgs_generate_messages_cpp
[ 19%] Built target tf_generate_messages_eus
[ 19%] Built target _catkin_empty_exported_target
[ 19%] Built target std_msgs_generate_messages_eus
[ 19%] Built target geometry_msgs_generate_messages_eus
[ 19%] Built target actionlib_generate_messages_lisp
[ 19%] Built target sensor_msgs_generate_messages_py
[ 19%] Built target roscpp_generate_messages_nodejs
[ 19%] Built target tf2_msgs_generate_messages_eus
[ 19%] Built target roscpp_generate_messages_cpp
[ 19%] Built target trajectory_msgs_generate_messages_py
[ 19%] Built target tf_generate_messages_nodejs
[ 19%] Built target topic_tools_generate_messages_py
[ 19%] Built target std_msgs_generate_messages_cpp
[ 19%] Built target roscpp_generate_messages_eus
[ 19%] Built target dynamic_reconfigure_generate_messages_py
[ 19%] Built target uuid_msgs_generate_messages_eus
[ 19%] Built target uuid_msgs_generate_messages_cpp
[ 19%] Built target nodelet_generate_messages_lisp
[ 19%] Built target sensor_msgs_generate_messages_nodejs
[ 19%] Built target std_srvs_generate_messages_cpp
[ 19%] Built target roscpp_generate_messages_py
[ 19%] Built target trajectory_msgs_generate_messages_eus
[ 19%] Built target actionlib_msgs_generate_messages_py
[ 19%] Built target actionlib_generate_messages_cpp
[ 19%] Built target rosgraph_msgs_generate_messages_nodejs
[ 19%] Built target mavros_msgs_generate_messages_lisp
[ 19%] Built target geographic_msgs_generate_messages_cpp
[ 19%] Built target nodelet_generate_messages_nodejs
[ 19%] Built target nodelet_generate_messages_eus
[ 19%] Built target geographic_msgs_generate_messages_lisp
[ 19%] Built target std_srvs_generate_messages_nodejs
[ 19%] Built target nodelet_generate_messages_py
[ 19%] Built target bond_generate_messages_eus
[ 19%] Built target bond_generate_messages_lisp
[ 19%] Built target bond_generate_messages_nodejs
[ 19%] Built target bond_generate_messages_py
[ 19%] Built target dynamic_reconfigure_generate_messages_lisp
[ 19%] Built target uuid_msgs_generate_messages_py
[ 19%] Built target dynamic_reconfigure_gencfg
[ 19%] Built target pcl_msgs_generate_messages_cpp
[ 19%] Built target pcl_msgs_generate_messages_eus
[ 19%] Built target pcl_msgs_generate_messages_nodejs
[ 19%] Built target pcl_msgs_generate_messages_py
[ 19%] Built target pcl_msgs_generate_messages_lisp
[ 19%] Built target std_srvs_generate_messages_eus
[ 19%] Built target roscpp_generate_messages_lisp
[ 19%] Built target topic_tools_generate_messages_cpp
[ 19%] Built target std_srvs_generate_messages_lisp
[ 19%] Built target visualization_msgs_generate_messages_py
[ 19%] Built target topic_tools_generate_messages_eus
[ 19%] Built target topic_tools_generate_messages_lisp
[ 19%] Built target diagnostic_msgs_generate_messages_eus
[ 19%] Built target topic_tools_generate_messages_nodejs
[ 19%] Built target diagnostic_msgs_generate_messages_nodejs
[ 19%] Built target uuid_msgs_generate_messages_lisp
[ 19%] Built target tf2_msgs_generate_messages_nodejs
[ 19%] Built target actionlib_msgs_generate_messages_lisp
[ 19%] Built target nodelet_generate_messages_cpp
[ 19%] Built target geographic_msgs_generate_messages_nodejs
[ 19%] Built target tf_generate_messages_cpp
[ 19%] Built target sensor_msgs_generate_messages_lisp
[ 23%] Built target safe_landing_planner_generate_messages_cpp
[ 23%] Built target actionlib_generate_messages_nodejs
[ 23%] Built target std_srvs_generate_messages_py
[ 23%] Built target uuid_msgs_generate_messages_nodejs
[ 23%] Built target geographic_msgs_generate_messages_py
[ 23%] Built target mavros_msgs_generate_messages_eus
[ 23%] Built target nav_msgs_generate_messages_cpp
[ 23%] Built target geographic_msgs_generate_messages_eus
[ 23%] Built target mavros_msgs_generate_messages_py
[ 23%] Built target mavros_msgs_generate_messages_nodejs
[ 23%] Built target visualization_msgs_generate_messages_eus
[ 23%] Built target nav_msgs_generate_messages_eus
[ 23%] Built target tf2_msgs_generate_messages_cpp
[ 23%] Built target nav_msgs_generate_messages_lisp
[ 23%] Built target trajectory_msgs_generate_messages_cpp
[ 23%] Built target trajectory_msgs_generate_messages_nodejs
[ 23%] Built target trajectory_msgs_generate_messages_lisp
[ 23%] Built target visualization_msgs_generate_messages_lisp
[ 23%] Built target rosgraph_msgs_generate_messages_py
[ 33%] Built target safe_landing_planner_generate_messages_eus
[ 38%] Built target safe_landing_planner_generate_messages_lisp
[ 47%] Built target safe_landing_planner_generate_messages_py
[ 52%] Built target safe_landing_planner_generate_messages_nodejs
[ 52%] Built target safe_landing_planner_generate_messages
[ 80%] Built target safe_landing_planner
[ 85%] [32m[1mLinking CXX executable /home/traveller/Integration/devel/.private/safe_landing_planner/lib/safe_landing_planner/safe_landing_planner_node[0m
[ 90%] [32m[1mLinking CXX executable /home/traveller/Integration/devel/.private/safe_landing_planner/lib/safe_landing_planner/waypoint_generator_node[0m
[ 95%] Built target safe_landing_planner_node
[100%] Built target waypoint_generator_node
