[35m[1mScanning dependencies of target visualization_msgs_generate_messages_nodejs[0m
[35m[1mScanning dependencies of target pubCamPose[0m
[35m[1mScanning dependencies of target std_msgs_generate_messages_nodejs[0m
[35m[1mScanning dependencies of target safe_landing_planner_gencfg[0m
[  0%] Built target std_msgs_generate_messages_nodejs
[  0%] Built target visualization_msgs_generate_messages_nodejs
[35m[1mScanning dependencies of target geometry_msgs_generate_messages_nodejs[0m
[35m[1mScanning dependencies of target _safe_landing_planner_generate_messages_check_deps_SLPGridMsg[0m
[  4%] [34m[1mGenerating dynamic reconfigure files from cfg/SafeLandingPlannerNode.cfg: /home/traveller/Integration/devel/.private/safe_landing_planner/include/safe_landing_planner/SafeLandingPlannerNodeConfig.h /home/traveller/Integration/devel/.private/safe_landing_planner/lib/python3/dist-packages/safe_landing_planner/cfg/SafeLandingPlannerNodeConfig.py[0m
[  9%] [32mBuilding CXX object CMakeFiles/pubCamPose.dir/src/nodes/pubCamPose.cpp.o[0m
[  9%] Built target geometry_msgs_generate_messages_nodejs
[35m[1mScanning dependencies of target dynamic_reconfigure_generate_messages_eus[0m
[  9%] Built target dynamic_reconfigure_generate_messages_eus
[ 14%] [34m[1mGenerating dynamic reconfigure files from cfg/WaypointGeneratorNode.cfg: /home/traveller/Integration/devel/.private/safe_landing_planner/include/safe_landing_planner/WaypointGeneratorNodeConfig.h /home/traveller/Integration/devel/.private/safe_landing_planner/lib/python3/dist-packages/safe_landing_planner/cfg/WaypointGeneratorNodeConfig.py[0m
[ 14%] Built target _safe_landing_planner_generate_messages_check_deps_SLPGridMsg
[35m[1mScanning dependencies of target tf2_msgs_generate_messages_lisp[0m
[ 14%] Built target tf2_msgs_generate_messages_lisp
[35m[1mScanning dependencies of target actionlib_msgs_generate_messages_nodejs[0m
[ 14%] Built target actionlib_msgs_generate_messages_nodejs
[35m[1mScanning dependencies of target tf_generate_messages_py[0m
[ 14%] Built target tf_generate_messages_py
[35m[1mScanning dependencies of target actionlib_generate_messages_py[0m
[ 14%] Built target actionlib_generate_messages_py
[35m[1mScanning dependencies of target diagnostic_msgs_generate_messages_lisp[0m
[ 14%] Built target diagnostic_msgs_generate_messages_lisp
[35m[1mScanning dependencies of target actionlib_msgs_generate_messages_cpp[0m
[ 14%] Built target actionlib_msgs_generate_messages_cpp
[35m[1mScanning dependencies of target actionlib_generate_messages_eus[0m
[ 14%] Built target actionlib_generate_messages_eus
[35m[1mScanning dependencies of target rosgraph_msgs_generate_messages_cpp[0m
[ 14%] Built target rosgraph_msgs_generate_messages_cpp
Generating reconfiguration files for WaypointGeneratorNode in safe_landing_planner
Generating reconfiguration files for SafeLandingPlannerNode in safe_landing_planner
Wrote header file in /home/traveller/Integration/devel/.private/safe_landing_planner/include/safe_landing_planner/WaypointGeneratorNodeConfig.h
[35m[1mScanning dependencies of target sensor_msgs_generate_messages_eus[0m
Wrote header file in /home/traveller/Integration/devel/.private/safe_landing_planner/include/safe_landing_planner/SafeLandingPlannerNodeConfig.h
[ 14%] Built target sensor_msgs_generate_messages_eus
[35m[1mScanning dependencies of target nodelet_topic_tools_gencfg[0m
[35m[1mScanning dependencies of target dynamic_reconfigure_generate_messages_nodejs[0m
[ 14%] Built target dynamic_reconfigure_generate_messages_nodejs
[ 14%] Built target nodelet_topic_tools_gencfg
[35m[1mScanning dependencies of target tf2_msgs_generate_messages_py[0m
[35m[1mScanning dependencies of target std_msgs_generate_messages_lisp[0m
[ 14%] Built target tf2_msgs_generate_messages_py
[ 14%] Built target std_msgs_generate_messages_lisp
[35m[1mScanning dependencies of target geometry_msgs_generate_messages_lisp[0m
[35m[1mScanning dependencies of target bond_generate_messages_cpp[0m
[ 14%] Built target safe_landing_planner_gencfg
[ 14%] Built target geometry_msgs_generate_messages_lisp
[35m[1mScanning dependencies of target mavros_msgs_generate_messages_cpp[0m
[ 14%] Built target bond_generate_messages_cpp
[35m[1mScanning dependencies of target sensor_msgs_generate_messages_cpp[0m
[ 14%] Built target mavros_msgs_generate_messages_cpp
[35m[1mScanning dependencies of target nav_msgs_generate_messages_nodejs[0m
[ 14%] Built target sensor_msgs_generate_messages_cpp
[35m[1mScanning dependencies of target geometry_msgs_generate_messages_cpp[0m
[ 14%] Built target nav_msgs_generate_messages_nodejs
[35m[1mScanning dependencies of target diagnostic_msgs_generate_messages_py[0m
[ 14%] Built target geometry_msgs_generate_messages_cpp
[35m[1mScanning dependencies of target dynamic_reconfigure_generate_messages_cpp[0m
[ 14%] Built target diagnostic_msgs_generate_messages_py
[ 14%] Built target dynamic_reconfigure_generate_messages_cpp
[35m[1mScanning dependencies of target std_msgs_generate_messages_py[0m
[35m[1mScanning dependencies of target geometry_msgs_generate_messages_py[0m
[ 14%] Built target std_msgs_generate_messages_py
[35m[1mScanning dependencies of target tf_generate_messages_lisp[0m
[ 14%] Built target geometry_msgs_generate_messages_py
[ 14%] Built target tf_generate_messages_lisp
[35m[1mScanning dependencies of target nav_msgs_generate_messages_py[0m
[35m[1mScanning dependencies of target pcl_ros_gencfg[0m
[ 14%] Built target nav_msgs_generate_messages_py
[35m[1mScanning dependencies of target rosgraph_msgs_generate_messages_eus[0m
[ 14%] Built target pcl_ros_gencfg
[35m[1mScanning dependencies of target diagnostic_msgs_generate_messages_cpp[0m
[ 14%] Built target rosgraph_msgs_generate_messages_eus
[35m[1mScanning dependencies of target actionlib_msgs_generate_messages_eus[0m
[ 14%] Built target diagnostic_msgs_generate_messages_cpp
[35m[1mScanning dependencies of target rosgraph_msgs_generate_messages_lisp[0m
[ 14%] Built target actionlib_msgs_generate_messages_eus
[ 14%] Built target rosgraph_msgs_generate_messages_lisp
[35m[1mScanning dependencies of target visualization_msgs_generate_messages_cpp[0m
[35m[1mScanning dependencies of target tf_generate_messages_eus[0m
[ 14%] Built target visualization_msgs_generate_messages_cpp
[35m[1mScanning dependencies of target _catkin_empty_exported_target[0m
[ 14%] Built target tf_generate_messages_eus
[ 14%] Built target _catkin_empty_exported_target
[35m[1mScanning dependencies of target std_msgs_generate_messages_eus[0m
[35m[1mScanning dependencies of target geometry_msgs_generate_messages_eus[0m
[35m[1mScanning dependencies of target actionlib_generate_messages_lisp[0m
[ 14%] Built target std_msgs_generate_messages_eus
[ 14%] Built target geometry_msgs_generate_messages_eus
[ 14%] Built target actionlib_generate_messages_lisp
[35m[1mScanning dependencies of target roscpp_generate_messages_nodejs[0m
[35m[1mScanning dependencies of target tf2_msgs_generate_messages_eus[0m
[35m[1mScanning dependencies of target sensor_msgs_generate_messages_py[0m
[ 14%] Built target roscpp_generate_messages_nodejs
[ 14%] Built target tf2_msgs_generate_messages_eus
[ 14%] Built target sensor_msgs_generate_messages_py
[35m[1mScanning dependencies of target roscpp_generate_messages_cpp[0m
[35m[1mScanning dependencies of target topic_tools_generate_messages_py[0m
[35m[1mScanning dependencies of target tf_generate_messages_nodejs[0m
[ 14%] Built target roscpp_generate_messages_cpp
[ 14%] Built target tf_generate_messages_nodejs
[ 14%] Built target topic_tools_generate_messages_py
[35m[1mScanning dependencies of target trajectory_msgs_generate_messages_py[0m
[35m[1mScanning dependencies of target std_msgs_generate_messages_cpp[0m
[35m[1mScanning dependencies of target nodelet_generate_messages_lisp[0m
[ 14%] Built target trajectory_msgs_generate_messages_py
[ 14%] Built target nodelet_generate_messages_lisp
[ 14%] Built target std_msgs_generate_messages_cpp
[35m[1mScanning dependencies of target roscpp_generate_messages_eus[0m
[35m[1mScanning dependencies of target uuid_msgs_generate_messages_cpp[0m
[35m[1mScanning dependencies of target dynamic_reconfigure_generate_messages_py[0m
[ 14%] Built target roscpp_generate_messages_eus
[ 14%] Built target uuid_msgs_generate_messages_cpp
[ 14%] Built target dynamic_reconfigure_generate_messages_py
[35m[1mScanning dependencies of target uuid_msgs_generate_messages_eus[0m
[35m[1mScanning dependencies of target sensor_msgs_generate_messages_nodejs[0m
[35m[1mScanning dependencies of target roscpp_generate_messages_py[0m
[ 14%] Built target uuid_msgs_generate_messages_eus
[ 14%] Built target sensor_msgs_generate_messages_nodejs
[ 14%] Built target roscpp_generate_messages_py
[35m[1mScanning dependencies of target std_srvs_generate_messages_cpp[0m
[35m[1mScanning dependencies of target trajectory_msgs_generate_messages_eus[0m
[35m[1mScanning dependencies of target actionlib_msgs_generate_messages_py[0m
[ 14%] Built target std_srvs_generate_messages_cpp
[ 14%] Built target trajectory_msgs_generate_messages_eus
[ 14%] Built target actionlib_msgs_generate_messages_py
[35m[1mScanning dependencies of target rosgraph_msgs_generate_messages_nodejs[0m
[35m[1mScanning dependencies of target mavros_msgs_generate_messages_lisp[0m
[35m[1mScanning dependencies of target actionlib_generate_messages_cpp[0m
[ 14%] Built target mavros_msgs_generate_messages_lisp
[ 14%] Built target rosgraph_msgs_generate_messages_nodejs
[ 14%] Built target actionlib_generate_messages_cpp
[35m[1mScanning dependencies of target geographic_msgs_generate_messages_cpp[0m
[35m[1mScanning dependencies of target nodelet_generate_messages_eus[0m
[35m[1mScanning dependencies of target nodelet_generate_messages_nodejs[0m
[ 14%] Built target geographic_msgs_generate_messages_cpp
[ 14%] Built target nodelet_generate_messages_eus
[ 14%] Built target nodelet_generate_messages_nodejs
[35m[1mScanning dependencies of target geographic_msgs_generate_messages_lisp[0m
[35m[1mScanning dependencies of target nodelet_generate_messages_py[0m
[35m[1mScanning dependencies of target std_srvs_generate_messages_nodejs[0m
[ 14%] Built target nodelet_generate_messages_py
[ 14%] Built target geographic_msgs_generate_messages_lisp
[ 14%] Built target std_srvs_generate_messages_nodejs
[35m[1mScanning dependencies of target bond_generate_messages_eus[0m
[35m[1mScanning dependencies of target bond_generate_messages_lisp[0m
[ 14%] Built target bond_generate_messages_eus
[35m[1mScanning dependencies of target bond_generate_messages_nodejs[0m
[ 14%] Built target bond_generate_messages_lisp
[ 14%] Built target bond_generate_messages_nodejs
[35m[1mScanning dependencies of target bond_generate_messages_py[0m
[35m[1mScanning dependencies of target dynamic_reconfigure_generate_messages_lisp[0m
[ 14%] Built target bond_generate_messages_py
[35m[1mScanning dependencies of target uuid_msgs_generate_messages_py[0m
[ 14%] Built target dynamic_reconfigure_generate_messages_lisp
[35m[1mScanning dependencies of target dynamic_reconfigure_gencfg[0m
[35m[1mScanning dependencies of target pcl_msgs_generate_messages_cpp[0m
[ 14%] Built target uuid_msgs_generate_messages_py
[ 14%] Built target dynamic_reconfigure_gencfg
[ 14%] Built target pcl_msgs_generate_messages_cpp
[35m[1mScanning dependencies of target pcl_msgs_generate_messages_eus[0m
[35m[1mScanning dependencies of target pcl_msgs_generate_messages_lisp[0m
[35m[1mScanning dependencies of target pcl_msgs_generate_messages_nodejs[0m
[ 14%] Built target pcl_msgs_generate_messages_eus
[ 14%] Built target pcl_msgs_generate_messages_nodejs
[ 14%] Built target pcl_msgs_generate_messages_lisp
[35m[1mScanning dependencies of target pcl_msgs_generate_messages_py[0m
[ 14%] Built target pcl_msgs_generate_messages_py
[35m[1mScanning dependencies of target std_srvs_generate_messages_eus[0m
[35m[1mScanning dependencies of target roscpp_generate_messages_lisp[0m
[ 14%] Built target roscpp_generate_messages_lisp
[ 14%] Built target std_srvs_generate_messages_eus
[35m[1mScanning dependencies of target std_srvs_generate_messages_lisp[0m
[ 14%] Built target std_srvs_generate_messages_lisp
[35m[1mScanning dependencies of target visualization_msgs_generate_messages_py[0m
[35m[1mScanning dependencies of target topic_tools_generate_messages_cpp[0m
[ 14%] Built target visualization_msgs_generate_messages_py
[35m[1mScanning dependencies of target topic_tools_generate_messages_eus[0m
[ 14%] Built target topic_tools_generate_messages_cpp
[35m[1mScanning dependencies of target topic_tools_generate_messages_lisp[0m
[ 14%] Built target topic_tools_generate_messages_eus
[35m[1mScanning dependencies of target topic_tools_generate_messages_nodejs[0m
[ 14%] Built target topic_tools_generate_messages_lisp
[35m[1mScanning dependencies of target diagnostic_msgs_generate_messages_eus[0m
[ 14%] Built target topic_tools_generate_messages_nodejs
[ 14%] Built target diagnostic_msgs_generate_messages_eus
[35m[1mScanning dependencies of target diagnostic_msgs_generate_messages_nodejs[0m
[35m[1mScanning dependencies of target actionlib_msgs_generate_messages_lisp[0m
[35m[1mScanning dependencies of target uuid_msgs_generate_messages_lisp[0m
[ 14%] Built target diagnostic_msgs_generate_messages_nodejs
[ 14%] Built target actionlib_msgs_generate_messages_lisp
[ 14%] Built target uuid_msgs_generate_messages_lisp
[35m[1mScanning dependencies of target nodelet_generate_messages_cpp[0m
[35m[1mScanning dependencies of target tf2_msgs_generate_messages_nodejs[0m
[ 14%] Built target nodelet_generate_messages_cpp
[ 14%] Built target tf2_msgs_generate_messages_nodejs
[35m[1mScanning dependencies of target sensor_msgs_generate_messages_lisp[0m
[35m[1mScanning dependencies of target safe_landing_planner_generate_messages_cpp[0m
[35m[1mScanning dependencies of target tf_generate_messages_cpp[0m
[ 14%] Built target sensor_msgs_generate_messages_lisp
[ 14%] Built target tf_generate_messages_cpp
[35m[1mScanning dependencies of target geographic_msgs_generate_messages_nodejs[0m
[ 19%] [34m[1mGenerating C++ code from safe_landing_planner/SLPGridMsg.msg[0m
[ 19%] Built target geographic_msgs_generate_messages_nodejs
[35m[1mScanning dependencies of target actionlib_generate_messages_nodejs[0m
[35m[1mScanning dependencies of target std_srvs_generate_messages_py[0m
[ 19%] Built target actionlib_generate_messages_nodejs
[35m[1mScanning dependencies of target geographic_msgs_generate_messages_py[0m
[ 19%] Built target std_srvs_generate_messages_py
[ 19%] Built target geographic_msgs_generate_messages_py
[35m[1mScanning dependencies of target uuid_msgs_generate_messages_nodejs[0m
[ 19%] Built target uuid_msgs_generate_messages_nodejs
[35m[1mScanning dependencies of target mavros_msgs_generate_messages_eus[0m
[35m[1mScanning dependencies of target geographic_msgs_generate_messages_eus[0m
[ 19%] Built target mavros_msgs_generate_messages_eus
[ 19%] Built target geographic_msgs_generate_messages_eus
[35m[1mScanning dependencies of target mavros_msgs_generate_messages_py[0m
[35m[1mScanning dependencies of target nav_msgs_generate_messages_cpp[0m
[ 19%] Built target mavros_msgs_generate_messages_py
[35m[1mScanning dependencies of target visualization_msgs_generate_messages_eus[0m
[ 19%] Built target nav_msgs_generate_messages_cpp
[ 19%] Built target visualization_msgs_generate_messages_eus
[35m[1mScanning dependencies of target mavros_msgs_generate_messages_nodejs[0m
[35m[1mScanning dependencies of target nav_msgs_generate_messages_eus[0m
[ 19%] Built target mavros_msgs_generate_messages_nodejs
[ 19%] Built target nav_msgs_generate_messages_eus
[35m[1mScanning dependencies of target tf2_msgs_generate_messages_cpp[0m
[35m[1mScanning dependencies of target nav_msgs_generate_messages_lisp[0m
[ 19%] Built target tf2_msgs_generate_messages_cpp
[ 19%] Built target safe_landing_planner_generate_messages_cpp
[ 19%] Built target nav_msgs_generate_messages_lisp
[35m[1mScanning dependencies of target trajectory_msgs_generate_messages_cpp[0m
[35m[1mScanning dependencies of target trajectory_msgs_generate_messages_lisp[0m
[35m[1mScanning dependencies of target trajectory_msgs_generate_messages_nodejs[0m
[ 19%] Built target trajectory_msgs_generate_messages_cpp
[ 19%] Built target trajectory_msgs_generate_messages_lisp
[ 19%] Built target trajectory_msgs_generate_messages_nodejs
[35m[1mScanning dependencies of target visualization_msgs_generate_messages_lisp[0m
[35m[1mScanning dependencies of target rosgraph_msgs_generate_messages_py[0m
[35m[1mScanning dependencies of target safe_landing_planner_generate_messages_nodejs[0m
[ 19%] Built target visualization_msgs_generate_messages_lisp
[ 19%] Built target rosgraph_msgs_generate_messages_py
[35m[1mScanning dependencies of target safe_landing_planner_generate_messages_lisp[0m
[ 23%] [34m[1mGenerating Javascript code from safe_landing_planner/SLPGridMsg.msg[0m
[35m[1mScanning dependencies of target safe_landing_planner_generate_messages_py[0m
[ 28%] [34m[1mGenerating Lisp code from safe_landing_planner/SLPGridMsg.msg[0m
[ 33%] [34m[1mGenerating Python from MSG safe_landing_planner/SLPGridMsg[0m
[ 33%] Built target safe_landing_planner_generate_messages_nodejs
[ 33%] Built target safe_landing_planner_generate_messages_lisp
[35m[1mScanning dependencies of target safe_landing_planner_generate_messages_eus[0m
[ 42%] [34m[1mGenerating EusLisp code from safe_landing_planner/SLPGridMsg.msg[0m
[ 42%] [34m[1mGenerating EusLisp manifest code for safe_landing_planner[0m
WARNING: Package name "FastPlannerOctomap" does not follow the naming conventions. It should start with a lower case letter and only contain lower case letters, digits, underscores, and dashes.
[ 47%] [34m[1mGenerating Python msg __init__.py for safe_landing_planner[0m
[ 47%] Built target safe_landing_planner_generate_messages_py
[ 52%] [32m[1mLinking CXX executable /home/traveller/Integration/devel/.private/safe_landing_planner/lib/safe_landing_planner/pubCamPose[0m
[ 52%] Built target pubCamPose
WARNING: Package name "FastPlannerOctomap" does not follow the naming conventions. It should start with a lower case letter and only contain lower case letters, digits, underscores, and dashes.
[ 52%] Built target safe_landing_planner_generate_messages_eus
[35m[1mScanning dependencies of target safe_landing_planner_generate_messages[0m
[35m[1mScanning dependencies of target safe_landing_planner[0m
[ 52%] Built target safe_landing_planner_generate_messages
[ 57%] [32mBuilding CXX object CMakeFiles/safe_landing_planner.dir/src/nodes/waypoint_generator.cpp.o[0m
[ 71%] [32mBuilding CXX object CMakeFiles/safe_landing_planner.dir/src/nodes/safe_landing_planner.cpp.o[0m
[ 71%] [32mBuilding CXX object CMakeFiles/safe_landing_planner.dir/src/nodes/safe_landing_planner_node.cpp.o[0m
[ 71%] [32mBuilding CXX object CMakeFiles/safe_landing_planner.dir/src/nodes/waypoint_generator_node.cpp.o[0m
[ 76%] [32mBuilding CXX object CMakeFiles/safe_landing_planner.dir/src/nodes/safe_landing_planner_visualization.cpp.o[0m
[ 80%] [32m[1mLinking CXX shared library /home/traveller/Integration/devel/.private/safe_landing_planner/lib/libsafe_landing_planner.so[0m
[ 80%] Built target safe_landing_planner
[35m[1mScanning dependencies of target safe_landing_planner_node[0m
[35m[1mScanning dependencies of target waypoint_generator_node[0m
[ 85%] [32mBuilding CXX object CMakeFiles/waypoint_generator_node.dir/src/nodes/waypoint_generator_node.cpp.o[0m
[ 90%] [32mBuilding CXX object CMakeFiles/safe_landing_planner_node.dir/src/nodes/safe_landing_planner_node_main.cpp.o[0m
[ 95%] [32m[1mLinking CXX executable /home/traveller/Integration/devel/.private/safe_landing_planner/lib/safe_landing_planner/safe_landing_planner_node[0m
[100%] [32m[1mLinking CXX executable /home/traveller/Integration/devel/.private/safe_landing_planner/lib/safe_landing_planner/waypoint_generator_node[0m
[100%] Built target safe_landing_planner_node
[100%] Built target waypoint_generator_node
